<!DOCTYPE html PUBLIC "-//W3C//DTD XHTML 1.1//EN" "https://www.w3.org/TR/xhtml11/DTD/xhtml11.dtd">
<html xmlns="https://www.w3.org/1999/xhtml">
<head>
<meta http-equiv="content-type" content="text/html; charset=UTF-8"/>
<title>TestNG Report</title>
<style type="text/css">table {margin-bottom:10px;border-collapse:collapse;empty-cells:show}th,td {border:1px solid #009;padding:.25em .5em}th {vertical-align:bottom}td {vertical-align:top}table a {font-weight:bold}.stripe td {background-color: #E6EBF9}.num {text-align:right}.passedodd td {background-color: #3F3}.passedeven td {background-color: #0A0}.skippedodd td {background-color: #DDD}.skippedeven td {background-color: #CCC}.failedodd td,.attn {background-color: #F33}.failedeven td,.stripe .attn {background-color: #D00}.stacktrace {white-space:pre;font-family:monospace}.totop {font-size:85%;text-align:center;border-bottom:2px solid #000}.invisible {display:none}</style>
</head>
<body>
<table>
<tr><th>Test</th><th># Passed</th><th># Skipped</th><th># Retried</th><th># Failed</th><th>Time (ms)</th><th>Included Groups</th><th>Excluded Groups</th></tr>
<tr><th colspan="8">Command line suite</th></tr>
<tr><td><a href="#t0">Command line test</a></td><td class="num">15</td><td class="num">0</td><td class="num">0</td><td class="num attn">7</td><td class="num">250,385</td><td></td><td></td></tr>
</table>
<table id='summary'><thead><tr><th>Class</th><th>Method</th><th>Start</th><th>Time (ms)</th></tr></thead><tbody><tr><th colspan="4">Command line suite</th></tr></tbody><tbody id="t0"><tr><th colspan="4">Command line test &#8212; failed</th></tr><tr class="failedeven"><td rowspan="6">tests.HomePageTest</td><td><a href="#m0">checkDurationDropDown</a></td><td rowspan="3">1617170760075</td><td rowspan="3">3021</td></tr><tr class="failedeven"><td><a href="#m1">checkDurationDropDown</a></td></tr><tr class="failedeven"><td><a href="#m2">checkDurationDropDown</a></td></tr><tr class="failedeven"><td><a href="#m3">checkSubscribedOptions</a></td><td rowspan="3">1617170791921</td><td rowspan="3">20009</td></tr><tr class="failedeven"><td><a href="#m4">checkSubscribedOptions</a></td></tr><tr class="failedeven"><td><a href="#m5">checkSubscribedOptions</a></td></tr><tr class="failedodd"><td rowspan="1">tests.SignUpPageTest</td><td><a href="#m6">signUpWithFaceBookTest</a></td><td rowspan="1">1617170701628</td><td rowspan="1">8767</td></tr><tr><th colspan="4">Command line test &#8212; passed</th></tr><tr class="passedeven"><td rowspan="13">tests.HomePageTest</td><td><a href="#m7">checkFlexiblePackageInvalidOptions</a></td><td rowspan="3">1617170880863</td><td rowspan="3">7702</td></tr><tr class="passedeven"><td><a href="#m8">checkFlexiblePackageInvalidOptions</a></td></tr><tr class="passedeven"><td><a href="#m9">checkFlexiblePackageInvalidOptions</a></td></tr><tr class="passedeven"><td><a href="#m10">checkFlexiblePackageValidOptions</a></td><td rowspan="3">1617170920808</td><td rowspan="3">8429</td></tr><tr class="passedeven"><td><a href="#m11">checkFlexiblePackageValidOptions</a></td></tr><tr class="passedeven"><td><a href="#m12">checkFlexiblePackageValidOptions</a></td></tr><tr class="passedeven"><td><a href="#m13">checkFooterLinks</a></td><td rowspan="1">1617170749249</td><td rowspan="1">3754</td></tr><tr class="passedeven"><td><a href="#m14">checkFreeBtn</a></td><td rowspan="1">1617170933539</td><td rowspan="1">1985</td></tr><tr class="passedeven"><td><a href="#m15">checkHomePageURL</a></td><td rowspan="1">1617170714365</td><td rowspan="1">8</td></tr><tr class="passedeven"><td><a href="#m16">checkSubscribedOptions</a></td><td rowspan="3">1617170837979</td><td rowspan="3">800</td></tr><tr class="passedeven"><td><a href="#m17">checkSubscribedOptions</a></td></tr><tr class="passedeven"><td><a href="#m18">checkSubscribedOptions</a></td></tr><tr class="passedeven"><td><a href="#m19">checkTopNavigationBarItems</a></td><td rowspan="1">1617170718616</td><td rowspan="1">25985</td></tr><tr class="passedodd"><td rowspan="2">tests.LoginPageTest</td><td><a href="#m20">flexiblePackage</a></td><td rowspan="1">1617170943782</td><td rowspan="1">2981</td></tr><tr class="passedodd"><td><a href="#m21">testPageTitle</a></td><td rowspan="1">1617170939753</td><td rowspan="1">7</td></tr></tbody>
</table>
<h2>Command line test</h2><h3 id="m0">tests.HomePageTest#checkDurationDropDown</h3><table class="result"><tr class="param"><th>Parameter #1</th></tr><tr class="param stripe"><td>30</td></tr><tr><th>Exception</th></tr><tr><td><div class="stacktrace">org.openqa.selenium.NoSuchElementException: no such element: Unable to locate element: {&quot;method&quot;:&quot;xpath&quot;,&quot;selector&quot;:&quot;(//div[@class=&apos;col-sm-6&apos;]//select)[1]&quot;}
  (Session info: chrome=89.0.4389.90)
For documentation on this error, please visit: https://www.seleniumhq.org/exceptions/no_such_element.html
Build info: version: &apos;3.141.59&apos;, revision: &apos;e82be7d358&apos;, time: &apos;2018-11-14T08:17:03&apos;
System info: host: &apos;Zeyneps-MBP&apos;, ip: &apos;fe80:0:0:0:1c57:9865:932b:651e%en0&apos;, os.name: &apos;Mac OS X&apos;, os.arch: &apos;x86_64&apos;, os.version: &apos;10.16&apos;, java.version: &apos;11.0.9&apos;
Driver info: org.openqa.selenium.chrome.ChromeDriver
Capabilities {acceptInsecureCerts: false, browserName: chrome, browserVersion: 89.0.4389.90, chrome: {chromedriverVersion: 89.0.4389.23 (61b08ee2c5002..., userDataDir: /var/folders/nb/p575x3v15vj...}, goog:chromeOptions: {debuggerAddress: localhost:52107}, javascriptEnabled: true, networkConnectionEnabled: false, pageLoadStrategy: normal, platform: MAC, platformName: MAC, proxy: Proxy(), setWindowRect: true, strictFileInteractability: false, timeouts: {implicit: 0, pageLoad: 300000, script: 30000}, unhandledPromptBehavior: dismiss and notify, webauthn:extension:largeBlob: true, webauthn:virtualAuthenticators: true}
Session ID: 8236ce1fff5b97e027878debd44762d8
*** Element info: {Using=xpath, value=(//div[@class=&apos;col-sm-6&apos;]//select)[1]}
	at org.openqa.selenium.remote.http.W3CHttpResponseCodec.createException(W3CHttpResponseCodec.java:187)
	at org.openqa.selenium.remote.http.W3CHttpResponseCodec.decode(W3CHttpResponseCodec.java:122)
	at org.openqa.selenium.remote.http.W3CHttpResponseCodec.decode(W3CHttpResponseCodec.java:49)
	at org.openqa.selenium.remote.HttpCommandExecutor.execute(HttpCommandExecutor.java:158)
	at org.openqa.selenium.remote.service.DriverCommandExecutor.execute(DriverCommandExecutor.java:83)
	at org.openqa.selenium.remote.RemoteWebDriver.execute(RemoteWebDriver.java:552)
	at org.openqa.selenium.remote.RemoteWebDriver.findElement(RemoteWebDriver.java:323)
	at org.openqa.selenium.remote.RemoteWebDriver.findElementByXPath(RemoteWebDriver.java:428)
	at org.openqa.selenium.By$ByXPath.findElement(By.java:353)
	at org.openqa.selenium.remote.RemoteWebDriver.findElement(RemoteWebDriver.java:315)
	at pages.HomePage.selectDurationOption(HomePage.java:150)
	at tests.HomePageTest.checkDurationDropDown(HomePageTest.java:66)
	at java.base/java.util.ArrayList.forEach(ArrayList.java:1541)
... Removed 41 stack frames</div></td></tr></table><p class="totop"><a href="#summary">back to summary</a></p>
<h3 id="m1">tests.HomePageTest#checkDurationDropDown</h3><table class="result"><tr class="param"><th>Parameter #1</th></tr><tr class="param stripe"><td>60</td></tr><tr><th>Exception</th></tr><tr><td><div class="stacktrace">org.openqa.selenium.NoSuchElementException: no such element: Unable to locate element: {&quot;method&quot;:&quot;xpath&quot;,&quot;selector&quot;:&quot;(//div[@class=&apos;col-sm-6&apos;]//select)[1]&quot;}
  (Session info: chrome=89.0.4389.90)
For documentation on this error, please visit: https://www.seleniumhq.org/exceptions/no_such_element.html
Build info: version: &apos;3.141.59&apos;, revision: &apos;e82be7d358&apos;, time: &apos;2018-11-14T08:17:03&apos;
System info: host: &apos;Zeyneps-MBP&apos;, ip: &apos;fe80:0:0:0:1c57:9865:932b:651e%en0&apos;, os.name: &apos;Mac OS X&apos;, os.arch: &apos;x86_64&apos;, os.version: &apos;10.16&apos;, java.version: &apos;11.0.9&apos;
Driver info: org.openqa.selenium.chrome.ChromeDriver
Capabilities {acceptInsecureCerts: false, browserName: chrome, browserVersion: 89.0.4389.90, chrome: {chromedriverVersion: 89.0.4389.23 (61b08ee2c5002..., userDataDir: /var/folders/nb/p575x3v15vj...}, goog:chromeOptions: {debuggerAddress: localhost:52122}, javascriptEnabled: true, networkConnectionEnabled: false, pageLoadStrategy: normal, platform: MAC, platformName: MAC, proxy: Proxy(), setWindowRect: true, strictFileInteractability: false, timeouts: {implicit: 0, pageLoad: 300000, script: 30000}, unhandledPromptBehavior: dismiss and notify, webauthn:extension:largeBlob: true, webauthn:virtualAuthenticators: true}
Session ID: 8f397acf220b8c86316319ed076dba2d
*** Element info: {Using=xpath, value=(//div[@class=&apos;col-sm-6&apos;]//select)[1]}
	at org.openqa.selenium.remote.http.W3CHttpResponseCodec.createException(W3CHttpResponseCodec.java:187)
	at org.openqa.selenium.remote.http.W3CHttpResponseCodec.decode(W3CHttpResponseCodec.java:122)
	at org.openqa.selenium.remote.http.W3CHttpResponseCodec.decode(W3CHttpResponseCodec.java:49)
	at org.openqa.selenium.remote.HttpCommandExecutor.execute(HttpCommandExecutor.java:158)
	at org.openqa.selenium.remote.service.DriverCommandExecutor.execute(DriverCommandExecutor.java:83)
	at org.openqa.selenium.remote.RemoteWebDriver.execute(RemoteWebDriver.java:552)
	at org.openqa.selenium.remote.RemoteWebDriver.findElement(RemoteWebDriver.java:323)
	at org.openqa.selenium.remote.RemoteWebDriver.findElementByXPath(RemoteWebDriver.java:428)
	at org.openqa.selenium.By$ByXPath.findElement(By.java:353)
	at org.openqa.selenium.remote.RemoteWebDriver.findElement(RemoteWebDriver.java:315)
	at pages.HomePage.selectDurationOption(HomePage.java:150)
	at tests.HomePageTest.checkDurationDropDown(HomePageTest.java:66)
	at java.base/java.util.ArrayList.forEach(ArrayList.java:1541)
... Removed 41 stack frames</div></td></tr></table><p class="totop"><a href="#summary">back to summary</a></p>
<h3 id="m2">tests.HomePageTest#checkDurationDropDown</h3><table class="result"><tr class="param"><th>Parameter #1</th></tr><tr class="param stripe"><td>Select Duration</td></tr><tr><th>Exception</th></tr><tr><td><div class="stacktrace">org.openqa.selenium.NoSuchElementException: no such element: Unable to locate element: {&quot;method&quot;:&quot;xpath&quot;,&quot;selector&quot;:&quot;(//div[@class=&apos;col-sm-6&apos;]//select)[1]&quot;}
  (Session info: chrome=89.0.4389.90)
For documentation on this error, please visit: https://www.seleniumhq.org/exceptions/no_such_element.html
Build info: version: &apos;3.141.59&apos;, revision: &apos;e82be7d358&apos;, time: &apos;2018-11-14T08:17:03&apos;
System info: host: &apos;Zeyneps-MBP&apos;, ip: &apos;fe80:0:0:0:1c57:9865:932b:651e%en0&apos;, os.name: &apos;Mac OS X&apos;, os.arch: &apos;x86_64&apos;, os.version: &apos;10.16&apos;, java.version: &apos;11.0.9&apos;
Driver info: org.openqa.selenium.chrome.ChromeDriver
Capabilities {acceptInsecureCerts: false, browserName: chrome, browserVersion: 89.0.4389.90, chrome: {chromedriverVersion: 89.0.4389.23 (61b08ee2c5002..., userDataDir: /var/folders/nb/p575x3v15vj...}, goog:chromeOptions: {debuggerAddress: localhost:52092}, javascriptEnabled: true, networkConnectionEnabled: false, pageLoadStrategy: normal, platform: MAC, platformName: MAC, proxy: Proxy(), setWindowRect: true, strictFileInteractability: false, timeouts: {implicit: 0, pageLoad: 300000, script: 30000}, unhandledPromptBehavior: dismiss and notify, webauthn:extension:largeBlob: true, webauthn:virtualAuthenticators: true}
Session ID: 6c48b021e8209aac1412e393970210e4
*** Element info: {Using=xpath, value=(//div[@class=&apos;col-sm-6&apos;]//select)[1]}
	at org.openqa.selenium.remote.http.W3CHttpResponseCodec.createException(W3CHttpResponseCodec.java:187)
	at org.openqa.selenium.remote.http.W3CHttpResponseCodec.decode(W3CHttpResponseCodec.java:122)
	at org.openqa.selenium.remote.http.W3CHttpResponseCodec.decode(W3CHttpResponseCodec.java:49)
	at org.openqa.selenium.remote.HttpCommandExecutor.execute(HttpCommandExecutor.java:158)
	at org.openqa.selenium.remote.service.DriverCommandExecutor.execute(DriverCommandExecutor.java:83)
	at org.openqa.selenium.remote.RemoteWebDriver.execute(RemoteWebDriver.java:552)
	at org.openqa.selenium.remote.RemoteWebDriver.findElement(RemoteWebDriver.java:323)
	at org.openqa.selenium.remote.RemoteWebDriver.findElementByXPath(RemoteWebDriver.java:428)
	at org.openqa.selenium.By$ByXPath.findElement(By.java:353)
	at org.openqa.selenium.remote.RemoteWebDriver.findElement(RemoteWebDriver.java:315)
	at pages.HomePage.selectDurationOption(HomePage.java:150)
	at tests.HomePageTest.checkDurationDropDown(HomePageTest.java:66)
	at java.base/java.util.ArrayList.forEach(ArrayList.java:1541)
... Removed 41 stack frames</div></td></tr></table><p class="totop"><a href="#summary">back to summary</a></p>
<h3 id="m3">tests.HomePageTest#checkSubscribedOptions</h3><table class="result"><tr class="param"><th>Parameter #1</th></tr><tr class="param stripe"><td>2 weeks</td></tr><tr><th>Exception</th></tr><tr><td><div class="stacktrace">org.openqa.selenium.TimeoutException: Expected condition failed: waiting for presence of element located by: By.xpath: (//div[@class=&apos;col-sm-6&apos;]//select)[2] (tried for 20 second(s) with 500 milliseconds interval)
	at org.openqa.selenium.support.ui.WebDriverWait.timeoutException(WebDriverWait.java:95)
	at org.openqa.selenium.support.ui.FluentWait.until(FluentWait.java:272)
	at util.ElementUtil.waitForElementPresentBy(ElementUtil.java:76)
	at pages.HomePage.selectSubscribedClassesOption(HomePage.java:156)
	at tests.HomePageTest.checkSubscribedOptions(HomePageTest.java:77)
	at java.base/java.util.ArrayList.forEach(ArrayList.java:1541)
Caused by: org.openqa.selenium.NoSuchElementException: no such element: Unable to locate element: {&quot;method&quot;:&quot;xpath&quot;,&quot;selector&quot;:&quot;(//div[@class=&apos;col-sm-6&apos;]//select)[2]&quot;}
  (Session info: chrome=89.0.4389.90)
For documentation on this error, please visit: https://www.seleniumhq.org/exceptions/no_such_element.html
Build info: version: &apos;3.141.59&apos;, revision: &apos;e82be7d358&apos;, time: &apos;2018-11-14T08:17:03&apos;
System info: host: &apos;Zeyneps-MBP&apos;, ip: &apos;fe80:0:0:0:1c57:9865:932b:651e%en0&apos;, os.name: &apos;Mac OS X&apos;, os.arch: &apos;x86_64&apos;, os.version: &apos;10.16&apos;, java.version: &apos;11.0.9&apos;
Driver info: org.openqa.selenium.chrome.ChromeDriver
Capabilities {acceptInsecureCerts: false, browserName: chrome, browserVersion: 89.0.4389.90, chrome: {chromedriverVersion: 89.0.4389.23 (61b08ee2c5002..., userDataDir: /var/folders/nb/p575x3v15vj...}, goog:chromeOptions: {debuggerAddress: localhost:52155}, javascriptEnabled: true, networkConnectionEnabled: false, pageLoadStrategy: normal, platform: MAC, platformName: MAC, proxy: Proxy(), setWindowRect: true, strictFileInteractability: false, timeouts: {implicit: 0, pageLoad: 300000, script: 30000}, unhandledPromptBehavior: dismiss and notify, webauthn:extension:largeBlob: true, webauthn:virtualAuthenticators: true}
Session ID: 4a870a1aa20a18f39713b6c3cf717f9e
*** Element info: {Using=xpath, value=(//div[@class=&apos;col-sm-6&apos;]//select)[2]}
	at org.openqa.selenium.remote.http.W3CHttpResponseCodec.createException(W3CHttpResponseCodec.java:187)
	at org.openqa.selenium.remote.http.W3CHttpResponseCodec.decode(W3CHttpResponseCodec.java:122)
	at org.openqa.selenium.remote.http.W3CHttpResponseCodec.decode(W3CHttpResponseCodec.java:49)
	at org.openqa.selenium.remote.HttpCommandExecutor.execute(HttpCommandExecutor.java:158)
	at org.openqa.selenium.remote.service.DriverCommandExecutor.execute(DriverCommandExecutor.java:83)
	at org.openqa.selenium.remote.RemoteWebDriver.execute(RemoteWebDriver.java:552)
	at org.openqa.selenium.remote.RemoteWebDriver.findElement(RemoteWebDriver.java:323)
	at org.openqa.selenium.remote.RemoteWebDriver.findElementByXPath(RemoteWebDriver.java:428)
	at org.openqa.selenium.By$ByXPath.findElement(By.java:353)
	at org.openqa.selenium.remote.RemoteWebDriver.findElement(RemoteWebDriver.java:315)
	at org.openqa.selenium.support.ui.ExpectedConditions$6.apply(ExpectedConditions.java:182)
	at org.openqa.selenium.support.ui.ExpectedConditions$6.apply(ExpectedConditions.java:179)
	at org.openqa.selenium.support.ui.FluentWait.until(FluentWait.java:249)
	... 41 more
... Removed 40 stack frames</div></td></tr></table><p class="totop"><a href="#summary">back to summary</a></p>
<h3 id="m4">tests.HomePageTest#checkSubscribedOptions</h3><table class="result"><tr class="param"><th>Parameter #1</th></tr><tr class="param stripe"><td>Select Package Length</td></tr><tr><th>Exception</th></tr><tr><td><div class="stacktrace">org.openqa.selenium.TimeoutException: Expected condition failed: waiting for presence of element located by: By.xpath: (//div[@class=&apos;col-sm-6&apos;]//select)[2] (tried for 20 second(s) with 500 milliseconds interval)
	at org.openqa.selenium.support.ui.WebDriverWait.timeoutException(WebDriverWait.java:95)
	at org.openqa.selenium.support.ui.FluentWait.until(FluentWait.java:272)
	at util.ElementUtil.waitForElementPresentBy(ElementUtil.java:76)
	at pages.HomePage.selectSubscribedClassesOption(HomePage.java:156)
	at tests.HomePageTest.checkSubscribedOptions(HomePageTest.java:77)
	at java.base/java.util.ArrayList.forEach(ArrayList.java:1541)
Caused by: org.openqa.selenium.NoSuchElementException: no such element: Unable to locate element: {&quot;method&quot;:&quot;xpath&quot;,&quot;selector&quot;:&quot;(//div[@class=&apos;col-sm-6&apos;]//select)[2]&quot;}
  (Session info: chrome=89.0.4389.90)
For documentation on this error, please visit: https://www.seleniumhq.org/exceptions/no_such_element.html
Build info: version: &apos;3.141.59&apos;, revision: &apos;e82be7d358&apos;, time: &apos;2018-11-14T08:17:03&apos;
System info: host: &apos;Zeyneps-MBP&apos;, ip: &apos;fe80:0:0:0:1c57:9865:932b:651e%en0&apos;, os.name: &apos;Mac OS X&apos;, os.arch: &apos;x86_64&apos;, os.version: &apos;10.16&apos;, java.version: &apos;11.0.9&apos;
Driver info: org.openqa.selenium.chrome.ChromeDriver
Capabilities {acceptInsecureCerts: false, browserName: chrome, browserVersion: 89.0.4389.90, chrome: {chromedriverVersion: 89.0.4389.23 (61b08ee2c5002..., userDataDir: /var/folders/nb/p575x3v15vj...}, goog:chromeOptions: {debuggerAddress: localhost:52137}, javascriptEnabled: true, networkConnectionEnabled: false, pageLoadStrategy: normal, platform: MAC, platformName: MAC, proxy: Proxy(), setWindowRect: true, strictFileInteractability: false, timeouts: {implicit: 0, pageLoad: 300000, script: 30000}, unhandledPromptBehavior: dismiss and notify, webauthn:extension:largeBlob: true, webauthn:virtualAuthenticators: true}
Session ID: 5210c027e99b9f9990fcb36de140e6e7
*** Element info: {Using=xpath, value=(//div[@class=&apos;col-sm-6&apos;]//select)[2]}
	at org.openqa.selenium.remote.http.W3CHttpResponseCodec.createException(W3CHttpResponseCodec.java:187)
	at org.openqa.selenium.remote.http.W3CHttpResponseCodec.decode(W3CHttpResponseCodec.java:122)
	at org.openqa.selenium.remote.http.W3CHttpResponseCodec.decode(W3CHttpResponseCodec.java:49)
	at org.openqa.selenium.remote.HttpCommandExecutor.execute(HttpCommandExecutor.java:158)
	at org.openqa.selenium.remote.service.DriverCommandExecutor.execute(DriverCommandExecutor.java:83)
	at org.openqa.selenium.remote.RemoteWebDriver.execute(RemoteWebDriver.java:552)
	at org.openqa.selenium.remote.RemoteWebDriver.findElement(RemoteWebDriver.java:323)
	at org.openqa.selenium.remote.RemoteWebDriver.findElementByXPath(RemoteWebDriver.java:428)
	at org.openqa.selenium.By$ByXPath.findElement(By.java:353)
	at org.openqa.selenium.remote.RemoteWebDriver.findElement(RemoteWebDriver.java:315)
	at org.openqa.selenium.support.ui.ExpectedConditions$6.apply(ExpectedConditions.java:182)
	at org.openqa.selenium.support.ui.ExpectedConditions$6.apply(ExpectedConditions.java:179)
	at org.openqa.selenium.support.ui.FluentWait.until(FluentWait.java:249)
	... 41 more
... Removed 40 stack frames</div></td></tr></table><p class="totop"><a href="#summary">back to summary</a></p>
<h3 id="m5">tests.HomePageTest#checkSubscribedOptions</h3><table class="result"><tr class="param"><th>Parameter #1</th></tr><tr class="param stripe"><td>4 weeks</td></tr><tr><th>Exception</th></tr><tr><td><div class="stacktrace">org.openqa.selenium.TimeoutException: Expected condition failed: waiting for presence of element located by: By.xpath: (//div[@class=&apos;col-sm-6&apos;]//select)[2] (tried for 20 second(s) with 500 milliseconds interval)
	at org.openqa.selenium.support.ui.WebDriverWait.timeoutException(WebDriverWait.java:95)
	at org.openqa.selenium.support.ui.FluentWait.until(FluentWait.java:272)
	at util.ElementUtil.waitForElementPresentBy(ElementUtil.java:76)
	at pages.HomePage.selectSubscribedClassesOption(HomePage.java:156)
	at tests.HomePageTest.checkSubscribedOptions(HomePageTest.java:77)
	at java.base/java.util.ArrayList.forEach(ArrayList.java:1541)
Caused by: org.openqa.selenium.NoSuchElementException: no such element: Unable to locate element: {&quot;method&quot;:&quot;xpath&quot;,&quot;selector&quot;:&quot;(//div[@class=&apos;col-sm-6&apos;]//select)[2]&quot;}
  (Session info: chrome=89.0.4389.90)
For documentation on this error, please visit: https://www.seleniumhq.org/exceptions/no_such_element.html
Build info: version: &apos;3.141.59&apos;, revision: &apos;e82be7d358&apos;, time: &apos;2018-11-14T08:17:03&apos;
System info: host: &apos;Zeyneps-MBP&apos;, ip: &apos;fe80:0:0:0:1c57:9865:932b:651e%en0&apos;, os.name: &apos;Mac OS X&apos;, os.arch: &apos;x86_64&apos;, os.version: &apos;10.16&apos;, java.version: &apos;11.0.9&apos;
Driver info: org.openqa.selenium.chrome.ChromeDriver
Capabilities {acceptInsecureCerts: false, browserName: chrome, browserVersion: 89.0.4389.90, chrome: {chromedriverVersion: 89.0.4389.23 (61b08ee2c5002..., userDataDir: /var/folders/nb/p575x3v15vj...}, goog:chromeOptions: {debuggerAddress: localhost:52176}, javascriptEnabled: true, networkConnectionEnabled: false, pageLoadStrategy: normal, platform: MAC, platformName: MAC, proxy: Proxy(), setWindowRect: true, strictFileInteractability: false, timeouts: {implicit: 0, pageLoad: 300000, script: 30000}, unhandledPromptBehavior: dismiss and notify, webauthn:extension:largeBlob: true, webauthn:virtualAuthenticators: true}
Session ID: 1164612bf0e48ed01d20408bc9fe827d
*** Element info: {Using=xpath, value=(//div[@class=&apos;col-sm-6&apos;]//select)[2]}
	at org.openqa.selenium.remote.http.W3CHttpResponseCodec.createException(W3CHttpResponseCodec.java:187)
	at org.openqa.selenium.remote.http.W3CHttpResponseCodec.decode(W3CHttpResponseCodec.java:122)
	at org.openqa.selenium.remote.http.W3CHttpResponseCodec.decode(W3CHttpResponseCodec.java:49)
	at org.openqa.selenium.remote.HttpCommandExecutor.execute(HttpCommandExecutor.java:158)
	at org.openqa.selenium.remote.service.DriverCommandExecutor.execute(DriverCommandExecutor.java:83)
	at org.openqa.selenium.remote.RemoteWebDriver.execute(RemoteWebDriver.java:552)
	at org.openqa.selenium.remote.RemoteWebDriver.findElement(RemoteWebDriver.java:323)
	at org.openqa.selenium.remote.RemoteWebDriver.findElementByXPath(RemoteWebDriver.java:428)
	at org.openqa.selenium.By$ByXPath.findElement(By.java:353)
	at org.openqa.selenium.remote.RemoteWebDriver.findElement(RemoteWebDriver.java:315)
	at org.openqa.selenium.support.ui.ExpectedConditions$6.apply(ExpectedConditions.java:182)
	at org.openqa.selenium.support.ui.ExpectedConditions$6.apply(ExpectedConditions.java:179)
	at org.openqa.selenium.support.ui.FluentWait.until(FluentWait.java:249)
	... 41 more
... Removed 40 stack frames</div></td></tr></table><p class="totop"><a href="#summary">back to summary</a></p>
<h3 id="m6">tests.SignUpPageTest#signUpWithFaceBookTest</h3><table class="result"><tr><th>Exception</th></tr><tr><td><div class="stacktrace">java.lang.AssertionError: expected [true] but found [false]
	at tests.SignUpPageTest.signUpWithFaceBookTest(SignUpPageTest.java:37)
	at java.base/java.util.ArrayList.forEach(ArrayList.java:1541)
... Removed 41 stack frames</div></td></tr></table><p class="totop"><a href="#summary">back to summary</a></p>
<h3 id="m7">tests.HomePageTest#checkFlexiblePackageInvalidOptions</h3><table class="result"><tr class="param"><th>Parameter #1</th><th>Parameter #2</th><th>Parameter #3</th><th>Parameter #4</th></tr><tr class="param stripe"><td>60</td><td>4 weeks</td><td>Select Class</td><td>Conversational English</td></tr></table><p class="totop"><a href="#summary">back to summary</a></p>
<h3 id="m8">tests.HomePageTest#checkFlexiblePackageInvalidOptions</h3><table class="result"><tr class="param"><th>Parameter #1</th><th>Parameter #2</th><th>Parameter #3</th><th>Parameter #4</th></tr><tr class="param stripe"><td>30</td><td>Select Package Length</td><td>2 Classes</td><td>Business English</td></tr></table><p class="totop"><a href="#summary">back to summary</a></p>
<h3 id="m9">tests.HomePageTest#checkFlexiblePackageInvalidOptions</h3><table class="result"><tr class="param"><th>Parameter #1</th><th>Parameter #2</th><th>Parameter #3</th><th>Parameter #4</th></tr><tr class="param stripe"><td>Select Duration</td><td>2 weeks</td><td>1 Class</td><td>Children English</td></tr></table><p class="totop"><a href="#summary">back to summary</a></p>
<h3 id="m10">tests.HomePageTest#checkFlexiblePackageValidOptions</h3><table class="result"><tr class="param"><th>Parameter #1</th><th>Parameter #2</th><th>Parameter #3</th><th>Parameter #4</th></tr><tr class="param stripe"><td>60</td><td>4 weeks</td><td>2 Classes</td><td>Conversational English</td></tr></table><p class="totop"><a href="#summary">back to summary</a></p>
<h3 id="m11">tests.HomePageTest#checkFlexiblePackageValidOptions</h3><table class="result"><tr class="param"><th>Parameter #1</th><th>Parameter #2</th><th>Parameter #3</th><th>Parameter #4</th></tr><tr class="param stripe"><td>30</td><td>8 weeks</td><td>4 Classes</td><td>Business English</td></tr></table><p class="totop"><a href="#summary">back to summary</a></p>
<h3 id="m12">tests.HomePageTest#checkFlexiblePackageValidOptions</h3><table class="result"><tr class="param"><th>Parameter #1</th><th>Parameter #2</th><th>Parameter #3</th><th>Parameter #4</th></tr><tr class="param stripe"><td>60</td><td>2 weeks</td><td>1 Class</td><td>Children English</td></tr></table><p class="totop"><a href="#summary">back to summary</a></p>
<h3 id="m13">tests.HomePageTest#checkFooterLinks</h3><table class="result"><tr><th class="invisible"/></tr></table><p class="totop"><a href="#summary">back to summary</a></p>
<h3 id="m14">tests.HomePageTest#checkFreeBtn</h3><table class="result"><tr><th class="invisible"/></tr></table><p class="totop"><a href="#summary">back to summary</a></p>
<h3 id="m15">tests.HomePageTest#checkHomePageURL</h3><table class="result"><tr><th class="invisible"/></tr></table><p class="totop"><a href="#summary">back to summary</a></p>
<h3 id="m16">tests.HomePageTest#checkSubscribedOptions</h3><table class="result"><tr class="param"><th>Parameter #1</th></tr><tr class="param stripe"><td>8 weeks</td></tr></table><p class="totop"><a href="#summary">back to summary</a></p>
<h3 id="m17">tests.HomePageTest#checkSubscribedOptions</h3><table class="result"><tr class="param"><th>Parameter #1</th></tr><tr class="param stripe"><td>12 weeks</td></tr></table><p class="totop"><a href="#summary">back to summary</a></p>
<h3 id="m18">tests.HomePageTest#checkSubscribedOptions</h3><table class="result"><tr class="param"><th>Parameter #1</th></tr><tr class="param stripe"><td>24 weeks</td></tr></table><p class="totop"><a href="#summary">back to summary</a></p>
<h3 id="m19">tests.HomePageTest#checkTopNavigationBarItems</h3><table class="result"><tr><th class="invisible"/></tr></table><p class="totop"><a href="#summary">back to summary</a></p>
<h3 id="m20">tests.LoginPageTest#flexiblePackage</h3><table class="result"><tr><th class="invisible"/></tr></table><p class="totop"><a href="#summary">back to summary</a></p>
<h3 id="m21">tests.LoginPageTest#testPageTitle</h3><table class="result"><tr><th class="invisible"/></tr></table><p class="totop"><a href="#summary">back to summary</a></p>
</body>
</html>
