<?xml version="1.0" encoding="UTF-8"?>
<testng-results ignored="5" total="6" passed="0" failed="1" skipped="0">
  <reporter-output>
    <line>
      <![CDATA[<a href='/Users/zeynepunalan/eclipse-workspace/ISpeakBetter_Group2/target/surefire-reports/failure_screenshots/signUpWithFaceBookTest_04_04_2021_05_44_46.png'> <img src='/Users/zeynepunalan/eclipse-workspace/ISpeakBetter_Group2/target/surefire-reports/failure_screenshots/signUpWithFaceBookTest_04_04_2021_05_44_46.png' height='100' width='100'/> </a>]]>
    </line>
  </reporter-output>
  <suite started-at="2021-04-04T17:44:29 EDT" name="HomePage Suite" finished-at="2021-04-04T17:44:47 EDT" duration-ms="17585">
    <groups>
    </groups>
    <test started-at="2021-04-04T17:44:29 EDT" name="SignUp Page Test" finished-at="2021-04-04T17:44:47 EDT" duration-ms="17585">
      <class name="tests.SignUpPageTest">
        <test-method is-config="true" signature="setUp()[pri:0, instance:tests.SignUpPageTest@45385f75]" started-at="2021-04-04T17:44:29 EDT" name="setUp" finished-at="2021-04-04T17:44:35 EDT" duration-ms="5942" status="PASS">
          <reporter-output>
          </reporter-output>
        </test-method> <!-- setUp -->
        <test-method signature="signUpWithFaceBookTest()[pri:2, instance:tests.SignUpPageTest@45385f75]" started-at="2021-04-04T17:44:35 EDT" name="signUpWithFaceBookTest" finished-at="2021-04-04T17:44:46 EDT" duration-ms="10273" status="FAIL">
          <exception class="java.lang.AssertionError">
            <message>
              <![CDATA[expected [true] but found [false]]]>
            </message>
            <full-stacktrace>
              <![CDATA[java.lang.AssertionError: expected [true] but found [false]
at org.testng.Assert.fail(Assert.java:99)
at org.testng.Assert.failNotEquals(Assert.java:1037)
at org.testng.Assert.assertTrue(Assert.java:45)
at org.testng.Assert.assertTrue(Assert.java:55)
at tests.SignUpPageTest.signUpWithFaceBookTest(SignUpPageTest.java:37)
at java.base/jdk.internal.reflect.NativeMethodAccessorImpl.invoke0(Native Method)
at java.base/jdk.internal.reflect.NativeMethodAccessorImpl.invoke(NativeMethodAccessorImpl.java:62)
at java.base/jdk.internal.reflect.DelegatingMethodAccessorImpl.invoke(DelegatingMethodAccessorImpl.java:43)
at java.base/java.lang.reflect.Method.invoke(Method.java:566)
at org.testng.internal.MethodInvocationHelper.invokeMethod(MethodInvocationHelper.java:132)
at org.testng.internal.TestInvoker.invokeMethod(TestInvoker.java:599)
at org.testng.internal.TestInvoker.invokeTestMethod(TestInvoker.java:174)
at org.testng.internal.MethodRunner.runInSequence(MethodRunner.java:46)
at org.testng.internal.TestInvoker$MethodInvocationAgent.invoke(TestInvoker.java:822)
at org.testng.internal.TestInvoker.invokeTestMethods(TestInvoker.java:147)
at org.testng.internal.TestMethodWorker.invokeTestMethods(TestMethodWorker.java:146)
at org.testng.internal.TestMethodWorker.run(TestMethodWorker.java:128)
at java.base/java.util.ArrayList.forEach(ArrayList.java:1541)
at org.testng.TestRunner.privateRun(TestRunner.java:764)
at org.testng.TestRunner.run(TestRunner.java:585)
at org.testng.SuiteRunner.runTest(SuiteRunner.java:384)
at org.testng.SuiteRunner.runSequentially(SuiteRunner.java:378)
at org.testng.SuiteRunner.privateRun(SuiteRunner.java:337)
at org.testng.SuiteRunner.run(SuiteRunner.java:286)
at org.testng.SuiteRunnerWorker.runSuite(SuiteRunnerWorker.java:53)
at org.testng.SuiteRunnerWorker.run(SuiteRunnerWorker.java:96)
at org.testng.TestNG.runSuitesSequentially(TestNG.java:1218)
at org.testng.TestNG.runSuitesLocally(TestNG.java:1140)
at org.testng.TestNG.runSuites(TestNG.java:1069)
at org.testng.TestNG.run(TestNG.java:1037)
at org.testng.remote.AbstractRemoteTestNG.run(AbstractRemoteTestNG.java:115)
at org.testng.remote.RemoteTestNG.initAndRun(RemoteTestNG.java:251)
at org.testng.remote.RemoteTestNG.main(RemoteTestNG.java:77)
]]>
            </full-stacktrace>
          </exception> <!-- java.lang.AssertionError -->
          <reporter-output>
            <line>
              <![CDATA[<a href='/Users/zeynepunalan/eclipse-workspace/ISpeakBetter_Group2/target/surefire-reports/failure_screenshots/signUpWithFaceBookTest_04_04_2021_05_44_46.png'> <img src='/Users/zeynepunalan/eclipse-workspace/ISpeakBetter_Group2/target/surefire-reports/failure_screenshots/signUpWithFaceBookTest_04_04_2021_05_44_46.png' height='100' width='100'/> </a>]]>
            </line>
          </reporter-output>
        </test-method> <!-- signUpWithFaceBookTest -->
        <test-method is-config="true" signature="quit()[pri:0, instance:tests.SignUpPageTest@45385f75]" started-at="2021-04-04T17:44:47 EDT" name="quit" finished-at="2021-04-04T17:44:47 EDT" duration-ms="130" status="PASS">
          <reporter-output>
          </reporter-output>
        </test-method> <!-- quit -->
      </class> <!-- tests.SignUpPageTest -->
    </test> <!-- SignUp Page Test -->
  </suite> <!-- HomePage Suite -->
</testng-results>
