<html>
<head>
<title>TestNG:  All Pages Test</title>
<link href="../testng.css" rel="stylesheet" type="text/css" />
<link href="../my-testng.css" rel="stylesheet" type="text/css" />

<style type="text/css">
.log { display: none;} 
.stack-trace { display: none;} 
</style>
<script type="text/javascript">
<!--
function flip(e) {
  current = e.style.display;
  if (current == 'block') {
    e.style.display = 'none';
    return 0;
  }
  else {
    e.style.display = 'block';
    return 1;
  }
}

function toggleBox(szDivId, elem, msg1, msg2)
{
  var res = -1;  if (document.getElementById) {
    res = flip(document.getElementById(szDivId));
  }
  else if (document.all) {
    // this is the way old msie versions work
    res = flip(document.all[szDivId]);
  }
  if(elem) {
    if(res == 0) elem.innerHTML = msg1; else elem.innerHTML = msg2;
  }

}

function toggleAllBoxes() {
  if (document.getElementsByTagName) {
    d = document.getElementsByTagName('div');
    for (i = 0; i < d.length; i++) {
      if (d[i].className == 'log') {
        flip(d[i]);
      }
    }
  }
}

// -->
</script>

</head>
<body>
<h2 align='center'>All Pages Test</h2><table border='1' align="center">
<tr>
<td>Tests passed/Failed/Skipped:</td><td>9/1/0</td>
</tr><tr>
<td>Started on:</td><td>Sun Apr 04 23:46:12 EDT 2021</td>
</tr>
<tr><td>Total time:</td><td>183 seconds (183180 ms)</td>
</tr><tr>
<td>Included groups:</td><td></td>
</tr><tr>
<td>Excluded groups:</td><td></td>
</tr>
</table><p/>
<small><i>(Hover the method name to see the test class name)</i></small><p/>
<table width='100%' border='1' class='invocation-failed'>
<tr><td colspan='4' align='center'><b>FAILED TESTS</b></td></tr>
<tr><td><b>Test method</b></td>
<td width="30%"><b>Exception</b></td>
<td width="10%"><b>Time (seconds)</b></td>
<td><b>Instance</b></td>
</tr>
<tr>
<td title='tests.SignUpPageTest.signUpWithFaceBookTest()'><b>signUpWithFaceBookTest</b><br>Test class: tests.SignUpPageTest<br/>
<a href="#Output-1268631087" onClick='toggleBox("Output-1268631087", this, "Show output", "Hide output");'>Show output</a>

<a href="#Output-1268631087" onClick="toggleAllBoxes();">Show all outputs</a>
<div class='log' id="Output-1268631087">
<a href='/Users/zeynepunalan/eclipse-workspace/ISpeakBetter_Group2/target/surefire-reports/failure_screenshots/signUpWithFaceBookTest_04_04_2021_11_46_52.png'> <img src='/Users/zeynepunalan/eclipse-workspace/ISpeakBetter_Group2/target/surefire-reports/failure_screenshots/signUpWithFaceBookTest_04_04_2021_11_46_52.png' height='100' width='100'/> </a><br/>
</div>
</td>
<td><div><pre>java.lang.AssertionError: expected [true] but found [false]
	at tests.SignUpPageTest.signUpWithFaceBookTest(SignUpPageTest.java:38)
	at java.base/java.util.ArrayList.forEach(ArrayList.java:1541)
... Removed 31 stack frames</pre></div><a href='#' onClick='toggleBox("stack-trace1268631087", this, "Click to show all stack frames", "Click to hide stack frames")'>Click to show all stack frames</a>
<div class='stack-trace' id='stack-trace1268631087'><pre>java.lang.AssertionError: expected [true] but found [false]
	at org.testng.Assert.fail(Assert.java:99)
	at org.testng.Assert.failNotEquals(Assert.java:1037)
	at org.testng.Assert.assertTrue(Assert.java:45)
	at org.testng.Assert.assertTrue(Assert.java:55)
	at tests.SignUpPageTest.signUpWithFaceBookTest(SignUpPageTest.java:38)
	at java.base/jdk.internal.reflect.NativeMethodAccessorImpl.invoke0(Native Method)
	at java.base/jdk.internal.reflect.NativeMethodAccessorImpl.invoke(NativeMethodAccessorImpl.java:62)
	at java.base/jdk.internal.reflect.DelegatingMethodAccessorImpl.invoke(DelegatingMethodAccessorImpl.java:43)
	at java.base/java.lang.reflect.Method.invoke(Method.java:566)
	at org.testng.internal.MethodInvocationHelper.invokeMethod(MethodInvocationHelper.java:132)
	at org.testng.internal.TestInvoker.invokeMethod(TestInvoker.java:599)
	at org.testng.internal.TestInvoker.invokeTestMethod(TestInvoker.java:174)
	at org.testng.internal.MethodRunner.runInSequence(MethodRunner.java:46)
	at org.testng.internal.TestInvoker$MethodInvocationAgent.invoke(TestInvoker.java:822)
	at org.testng.internal.TestInvoker.invokeTestMethods(TestInvoker.java:147)
	at org.testng.internal.TestMethodWorker.invokeTestMethods(TestMethodWorker.java:146)
	at org.testng.internal.TestMethodWorker.run(TestMethodWorker.java:128)
	at java.base/java.util.ArrayList.forEach(ArrayList.java:1541)
	at org.testng.TestRunner.privateRun(TestRunner.java:764)
	at org.testng.TestRunner.run(TestRunner.java:585)
	at org.testng.SuiteRunner.runTest(SuiteRunner.java:384)
	at org.testng.SuiteRunner.runSequentially(SuiteRunner.java:378)
	at org.testng.SuiteRunner.privateRun(SuiteRunner.java:337)
	at org.testng.SuiteRunner.run(SuiteRunner.java:286)
	at org.testng.SuiteRunnerWorker.runSuite(SuiteRunnerWorker.java:53)
	at org.testng.SuiteRunnerWorker.run(SuiteRunnerWorker.java:96)
	at org.testng.TestNG.runSuitesSequentially(TestNG.java:1218)
	at org.testng.TestNG.runSuitesLocally(TestNG.java:1140)
	at org.testng.TestNG.runSuites(TestNG.java:1069)
	at org.testng.TestNG.run(TestNG.java:1037)
	at org.testng.remote.AbstractRemoteTestNG.run(AbstractRemoteTestNG.java:115)
	at org.testng.remote.RemoteTestNG.initAndRun(RemoteTestNG.java:251)
	at org.testng.remote.RemoteTestNG.main(RemoteTestNG.java:77)
</pre></div></td>
<td>11</td>
<td>tests.SignUpPageTest@69ee81fc</td></tr>
</table><p>
<table width='100%' border='1' class='invocation-passed'>
<tr><td colspan='4' align='center'><b>PASSED TESTS</b></td></tr>
<tr><td><b>Test method</b></td>
<td width="30%"><b>Exception</b></td>
<td width="10%"><b>Time (seconds)</b></td>
<td><b>Instance</b></td>
</tr>
<tr>
<td title='tests.CoursesPageTest.checkConversationalEnglishPageText()'><b>checkConversationalEnglishPageText</b><br>Test class: tests.CoursesPageTest<br>Test method: This test check to be at Conversational English section</td>
<td></td>
<td>11</td>
<td>tests.CoursesPageTest@6e2aa843</td></tr>
<tr>
<td title='tests.CoursesPageTest.checkCoursesText()'><b>checkCoursesText</b><br>Test class: tests.CoursesPageTest<br>Test method: This test check to be at courses section</td>
<td></td>
<td>4</td>
<td>tests.CoursesPageTest@6e2aa843</td></tr>
<tr>
<td title='tests.CoursesPageTest.checkFreeCourseSignUpPage()'><b>checkFreeCourseSignUpPage</b><br>Test class: tests.CoursesPageTest<br>Test method: This test check to login for free class sign up page</td>
<td></td>
<td>12</td>
<td>tests.CoursesPageTest@6e2aa843</td></tr>
<tr>
<td title='tests.SignUpPageTest.registerWithExistingEmailAddressTest()'><b>registerWithExistingEmailAddressTest</b><br>Test class: tests.SignUpPageTest</td>
<td></td>
<td>10</td>
<td>tests.SignUpPageTest@69ee81fc</td></tr>
<tr>
<td title='tests.SignUpPageTest.registerWithMandotoryFieldTest()'><b>registerWithMandotoryFieldTest</b><br>Test class: tests.SignUpPageTest</td>
<td></td>
<td>15</td>
<td>tests.SignUpPageTest@69ee81fc</td></tr>
<tr>
<td title='tests.SignUpPageTest.registerWithValidCredential()'><b>registerWithValidCredential</b><br>Test class: tests.SignUpPageTest</td>
<td></td>
<td>18</td>
<td>tests.SignUpPageTest@69ee81fc</td></tr>
<tr>
<td title='tests.SignUpPageTest.registerWithoutAlphanumericPwdTest()'><b>registerWithoutAlphanumericPwdTest</b><br>Test class: tests.SignUpPageTest</td>
<td></td>
<td>18</td>
<td>tests.SignUpPageTest@69ee81fc</td></tr>
<tr>
<td title='tests.CoursesPageTest.signUpForFreeCourses()'><b>signUpForFreeCourses</b><br>Test class: tests.CoursesPageTest<br>Test method: This test check to enable to add credantials sign up page for free class<br>Parameters: Ali, Tezel, Atezel@gmail.com, Ali1234!, Ali1234!</td>
<td></td>
<td>15</td>
<td>tests.CoursesPageTest@6e2aa843</td></tr>
<tr>
<td title='tests.CoursesPageTest.signUpForFreeCourses()'><b>signUpForFreeCourses</b><br>Test class: tests.CoursesPageTest<br>Test method: This test check to enable to add credantials sign up page for free class<br>Parameters: Memet , Genis, Mgenis21@gmail.com, Memo123!, Memo123!</td>
<td></td>
<td>16</td>
<td>tests.CoursesPageTest@6e2aa843</td></tr>
</table><p>
</body>
</html>