<?xml version="1.0" encoding="UTF-8"?>
<!-- Generated by org.testng.reporters.JUnitXMLReporter -->
<testsuite ignored="3" hostname="Zeyneps-MBP" failures="1" tests="22" name="All Pages Test" time="346.888" errors="0" timestamp="2021-04-04T15:10:06 EDT">
  <testcase classname="tests.SignUpPageTest" name="registerWithValidCredential" time="19.038"/>
  <testcase classname="tests.SignUpPageTest" name="signUpWithFaceBookTest" time="8.835">
    <failure type="java.lang.AssertionError" message="expected [true] but found [false]">
      <![CDATA[java.lang.AssertionError: expected [true] but found [false]
at tests.SignUpPageTest.signUpWithFaceBookTest(SignUpPageTest.java:37)
at java.base/java.util.ArrayList.forEach(ArrayList.java:1541)
... Removed 31 stack frames]]>
    </failure>
  </testcase> <!-- signUpWithFaceBookTest -->
  <testcase classname="tests.SignUpPageTest" name="registerWithExistingEmailAddressTest" time="10.808"/>
  <testcase classname="tests.SignUpPageTest" name="registerWithMandotoryFieldTest" time="16.528"/>
  <testcase classname="tests.SignUpPageTest" name="registerWithoutAlphanumericPwdTest" time="18.589"/>
  <testcase classname="tests.CoursesPageTest" name="checkCoursesText" time="6.21"/>
  <testcase classname="tests.CoursesPageTest" name="checkConversationalEnglishPageText" time="15.045"/>
  <testcase classname="tests.CoursesPageTest" name="checkFreeCourseSignUpPage" time="15.241"/>
  <testcase classname="tests.CoursesPageTest" name="signUpForFreeCourses" time="18.015"/>
  <testcase classname="tests.CoursesPageTest" name="signUpForFreeCourses" time="22.379"/>
  <testcase classname="tests.LoginPageTest" name="testPageTitle" time="0.01"/>
  <testcase classname="tests.LoginPageTest" name="testLogin" time="8.194"/>
  <testcase classname="tests.HomePageTest" name="checkHomePageURL" time="0.005"/>
  <testcase classname="tests.HomePageTest" name="checkTopNavigationBarItems" time="29.785"/>
  <testcase classname="tests.HomePageTest" name="checkFooterLinks" time="3.458"/>
  <testcase classname="tests.HomePageTest" name="checkFlexiblePackageInvalidOptions" time="4.64"/>
  <testcase classname="tests.HomePageTest" name="checkFlexiblePackageInvalidOptions" time="4.509"/>
  <testcase classname="tests.HomePageTest" name="checkFlexiblePackageInvalidOptions" time="5.192"/>
  <testcase classname="tests.HomePageTest" name="checkFlexiblePackageValidOptions" time="7.074"/>
  <testcase classname="tests.HomePageTest" name="checkFlexiblePackageValidOptions" time="5.841"/>
  <testcase classname="tests.HomePageTest" name="checkFlexiblePackageValidOptions" time="6.017"/>
  <testcase classname="tests.HomePageTest" name="checkFreeBtn" time="2.156"/>
  <testcase classname="tests.HomePageTest" name="checkDurationDropDown" time="0.0">
    <ignored/>
  </testcase> <!-- checkDurationDropDown -->
  <testcase classname="tests.SignUpPageTest" name="registerWithInvalidEmailTest" time="0.0">
    <ignored/>
  </testcase> <!-- registerWithInvalidEmailTest -->
  <testcase classname="tests.HomePageTest" name="checkSubscribedOptions" time="0.0">
    <ignored/>
  </testcase> <!-- checkSubscribedOptions -->
</testsuite> <!-- All Pages Test -->
