<?xml version="1.0" encoding="UTF-8"?>
<!-- Generated by org.testng.reporters.JUnitXMLReporter -->
<testsuite ignored="5" hostname="Zeyneps-MBP" failures="1" tests="1" name="SignUp Page Test" time="16.772" errors="0" timestamp="2021-04-03T16:04:34 EDT">
  <testcase classname="tests.SignUpPageTest" name="signUpWithFaceBookTest" time="10.018">
    <failure type="java.lang.AssertionError" message="expected [true] but found [false]">
      <![CDATA[java.lang.AssertionError: expected [true] but found [false]
at tests.SignUpPageTest.signUpWithFaceBookTest(SignUpPageTest.java:37)
at java.base/java.util.ArrayList.forEach(ArrayList.java:1541)
... Removed 31 stack frames]]>
    </failure>
  </testcase> <!-- signUpWithFaceBookTest -->
  <testcase classname="tests.SignUpPageTest" name="registerWithoutAlphanumericPwdTest" time="0.0">
    <ignored/>
  </testcase> <!-- registerWithoutAlphanumericPwdTest -->
  <testcase classname="tests.SignUpPageTest" name="registerWithMandotoryFieldTest" time="0.0">
    <ignored/>
  </testcase> <!-- registerWithMandotoryFieldTest -->
  <testcase classname="tests.SignUpPageTest" name="registerWithValidCredential" time="0.0">
    <ignored/>
  </testcase> <!-- registerWithValidCredential -->
  <testcase classname="tests.SignUpPageTest" name="registerWithInvalidEmailTest" time="0.0">
    <ignored/>
  </testcase> <!-- registerWithInvalidEmailTest -->
  <testcase classname="tests.SignUpPageTest" name="registerWithExistingEmailAddressTest" time="0.0">
    <ignored/>
  </testcase> <!-- registerWithExistingEmailAddressTest -->
</testsuite> <!-- SignUp Page Test -->
